mode: set
github.com/sarwilson417/bhe-code-exercise/go/cmd/bhe-code-exercise/main.go:19.13,34.15 6 0
github.com/sarwilson417/bhe-code-exercise/go/cmd/bhe-code-exercise/main.go:34.15,36.83 2 0
github.com/sarwilson417/bhe-code-exercise/go/cmd/bhe-code-exercise/main.go:36.83,38.10 1 0
github.com/sarwilson417/bhe-code-exercise/go/cmd/bhe-code-exercise/main.go:42.5,52.45 7 0
github.com/sarwilson417/bhe-code-exercise/go/cmd/bhe-code-exercise/main.go:52.45,54.6 1 0
github.com/sarwilson417/bhe-code-exercise/go/cmd/bhe-code-exercise/main.go:56.5,56.47 1 0
github.com/sarwilson417/bhe-code-exercise/go/cmd/bhe-code-exercise/main.go:19.13,34.15 6 0
github.com/sarwilson417/bhe-code-exercise/go/cmd/bhe-code-exercise/main.go:34.15,36.83 2 0
github.com/sarwilson417/bhe-code-exercise/go/cmd/bhe-code-exercise/main.go:36.83,38.10 1 0
github.com/sarwilson417/bhe-code-exercise/go/cmd/bhe-code-exercise/main.go:42.5,52.45 7 0
github.com/sarwilson417/bhe-code-exercise/go/cmd/bhe-code-exercise/main.go:52.45,54.6 1 0
github.com/sarwilson417/bhe-code-exercise/go/cmd/bhe-code-exercise/main.go:56.5,56.47 1 0
github.com/sarwilson417/bhe-code-exercise/go/internal/handlers/handler.go:22.45,26.2 1 1
github.com/sarwilson417/bhe-code-exercise/go/internal/handlers/handler.go:32.71,36.32 3 1
github.com/sarwilson417/bhe-code-exercise/go/internal/handlers/handler.go:36.32,40.3 2 1
github.com/sarwilson417/bhe-code-exercise/go/internal/handlers/handler.go:42.2,42.13 1 1
github.com/sarwilson417/bhe-code-exercise/go/internal/handlers/handler.go:42.13,46.3 2 1
github.com/sarwilson417/bhe-code-exercise/go/internal/handlers/handler.go:48.2,49.16 2 1
github.com/sarwilson417/bhe-code-exercise/go/internal/handlers/handler.go:49.16,54.3 3 1
github.com/sarwilson417/bhe-code-exercise/go/internal/handlers/handler.go:56.2,57.16 2 1
github.com/sarwilson417/bhe-code-exercise/go/internal/handlers/handler.go:57.16,62.3 3 1
github.com/sarwilson417/bhe-code-exercise/go/internal/handlers/handler.go:64.2,66.60 3 1
github.com/sarwilson417/bhe-code-exercise/go/internal/handlers/handler.go:69.54,71.16 2 1
github.com/sarwilson417/bhe-code-exercise/go/internal/handlers/handler.go:71.16,73.3 1 1
github.com/sarwilson417/bhe-code-exercise/go/internal/handlers/handler.go:74.2,74.30 1 1
github.com/sarwilson417/bhe-code-exercise/go/internal/handlers/handler.go:74.30,76.3 1 1
github.com/sarwilson417/bhe-code-exercise/go/internal/handlers/handler.go:78.2,78.17 1 1
github.com/sarwilson417/bhe-code-exercise/go/pkg/sieve/mock_sieve.go:31.55,35.2 3 1
github.com/sarwilson417/bhe-code-exercise/go/pkg/sieve/mock_sieve.go:38.53,40.2 1 1
github.com/sarwilson417/bhe-code-exercise/go/pkg/sieve/mock_sieve.go:43.54,49.2 5 1
github.com/sarwilson417/bhe-code-exercise/go/pkg/sieve/mock_sieve.go:52.63,55.2 2 1
github.com/sarwilson417/bhe-code-exercise/go/pkg/sieve/sieve.go:18.23,20.2 1 0
github.com/sarwilson417/bhe-code-exercise/go/pkg/sieve/sieve.go:22.56,23.11 1 0
github.com/sarwilson417/bhe-code-exercise/go/pkg/sieve/sieve.go:23.11,25.3 1 0
github.com/sarwilson417/bhe-code-exercise/go/pkg/sieve/sieve.go:27.2,27.12 1 0
github.com/sarwilson417/bhe-code-exercise/go/pkg/sieve/sieve.go:27.12,29.3 1 0
github.com/sarwilson417/bhe-code-exercise/go/pkg/sieve/sieve.go:32.2,35.6 3 0
github.com/sarwilson417/bhe-code-exercise/go/pkg/sieve/sieve.go:35.6,37.29 2 0
github.com/sarwilson417/bhe-code-exercise/go/pkg/sieve/sieve.go:37.29,39.4 1 0
github.com/sarwilson417/bhe-code-exercise/go/pkg/sieve/sieve.go:41.3,41.38 1 0
github.com/sarwilson417/bhe-code-exercise/go/pkg/sieve/sieve.go:45.38,51.39 4 0
github.com/sarwilson417/bhe-code-exercise/go/pkg/sieve/sieve.go:51.39,52.13 1 0
github.com/sarwilson417/bhe-code-exercise/go/pkg/sieve/sieve.go:52.13,54.4 1 0
github.com/sarwilson417/bhe-code-exercise/go/pkg/sieve/sieve.go:58.2,58.41 1 0
github.com/sarwilson417/bhe-code-exercise/go/pkg/sieve/sieve.go:58.41,59.22 1 0
github.com/sarwilson417/bhe-code-exercise/go/pkg/sieve/sieve.go:59.22,60.49 1 0
github.com/sarwilson417/bhe-code-exercise/go/pkg/sieve/sieve.go:60.49,62.5 1 0
github.com/sarwilson417/bhe-code-exercise/go/pkg/sieve/sieve.go:65.2,66.54 2 0
github.com/sarwilson417/bhe-code-exercise/go/pkg/sieve/sieve.go:66.54,67.22 1 0
github.com/sarwilson417/bhe-code-exercise/go/pkg/sieve/sieve.go:67.22,69.4 1 0
github.com/sarwilson417/bhe-code-exercise/go/pkg/sieve/sieve.go:71.2,71.15 1 0
github.com/sarwilson417/bhe-code-exercise/go/pkg/sieve/sieve.go:74.35,75.11 1 0
github.com/sarwilson417/bhe-code-exercise/go/pkg/sieve/sieve.go:75.11,77.3 1 0
github.com/sarwilson417/bhe-code-exercise/go/pkg/sieve/sieve.go:79.2,80.24 2 0
github.com/sarwilson417/bhe-code-exercise/go/cmd/bhe-code-exercise/main.go:19.13,34.15 6 0
github.com/sarwilson417/bhe-code-exercise/go/cmd/bhe-code-exercise/main.go:34.15,36.83 2 0
github.com/sarwilson417/bhe-code-exercise/go/cmd/bhe-code-exercise/main.go:36.83,38.10 1 0
github.com/sarwilson417/bhe-code-exercise/go/cmd/bhe-code-exercise/main.go:42.5,52.45 7 0
github.com/sarwilson417/bhe-code-exercise/go/cmd/bhe-code-exercise/main.go:52.45,54.6 1 0
github.com/sarwilson417/bhe-code-exercise/go/cmd/bhe-code-exercise/main.go:56.5,56.47 1 0
github.com/sarwilson417/bhe-code-exercise/go/internal/handlers/handler.go:22.45,26.2 1 0
github.com/sarwilson417/bhe-code-exercise/go/internal/handlers/handler.go:32.71,36.32 3 0
github.com/sarwilson417/bhe-code-exercise/go/internal/handlers/handler.go:36.32,40.3 2 0
github.com/sarwilson417/bhe-code-exercise/go/internal/handlers/handler.go:42.2,42.13 1 0
github.com/sarwilson417/bhe-code-exercise/go/internal/handlers/handler.go:42.13,46.3 2 0
github.com/sarwilson417/bhe-code-exercise/go/internal/handlers/handler.go:48.2,49.16 2 0
github.com/sarwilson417/bhe-code-exercise/go/internal/handlers/handler.go:49.16,54.3 3 0
github.com/sarwilson417/bhe-code-exercise/go/internal/handlers/handler.go:56.2,57.16 2 0
github.com/sarwilson417/bhe-code-exercise/go/internal/handlers/handler.go:57.16,62.3 3 0
github.com/sarwilson417/bhe-code-exercise/go/internal/handlers/handler.go:64.2,66.60 3 0
github.com/sarwilson417/bhe-code-exercise/go/internal/handlers/handler.go:69.54,71.16 2 0
github.com/sarwilson417/bhe-code-exercise/go/internal/handlers/handler.go:71.16,73.3 1 0
github.com/sarwilson417/bhe-code-exercise/go/internal/handlers/handler.go:74.2,74.30 1 0
github.com/sarwilson417/bhe-code-exercise/go/internal/handlers/handler.go:74.30,76.3 1 0
github.com/sarwilson417/bhe-code-exercise/go/internal/handlers/handler.go:78.2,78.17 1 0
github.com/sarwilson417/bhe-code-exercise/go/pkg/sieve/mock_sieve.go:31.55,35.2 3 0
github.com/sarwilson417/bhe-code-exercise/go/pkg/sieve/mock_sieve.go:38.53,40.2 1 0
github.com/sarwilson417/bhe-code-exercise/go/pkg/sieve/mock_sieve.go:43.54,49.2 5 0
github.com/sarwilson417/bhe-code-exercise/go/pkg/sieve/mock_sieve.go:52.63,55.2 2 0
github.com/sarwilson417/bhe-code-exercise/go/pkg/sieve/sieve.go:18.23,20.2 1 1
github.com/sarwilson417/bhe-code-exercise/go/pkg/sieve/sieve.go:22.56,23.11 1 1
github.com/sarwilson417/bhe-code-exercise/go/pkg/sieve/sieve.go:23.11,25.3 1 1
github.com/sarwilson417/bhe-code-exercise/go/pkg/sieve/sieve.go:27.2,27.12 1 1
github.com/sarwilson417/bhe-code-exercise/go/pkg/sieve/sieve.go:27.12,29.3 1 1
github.com/sarwilson417/bhe-code-exercise/go/pkg/sieve/sieve.go:32.2,35.6 3 1
github.com/sarwilson417/bhe-code-exercise/go/pkg/sieve/sieve.go:35.6,37.29 2 1
github.com/sarwilson417/bhe-code-exercise/go/pkg/sieve/sieve.go:37.29,39.4 1 1
github.com/sarwilson417/bhe-code-exercise/go/pkg/sieve/sieve.go:41.3,41.38 1 1
github.com/sarwilson417/bhe-code-exercise/go/pkg/sieve/sieve.go:45.38,51.39 4 1
github.com/sarwilson417/bhe-code-exercise/go/pkg/sieve/sieve.go:51.39,52.13 1 1
github.com/sarwilson417/bhe-code-exercise/go/pkg/sieve/sieve.go:52.13,54.4 1 1
github.com/sarwilson417/bhe-code-exercise/go/pkg/sieve/sieve.go:58.2,58.41 1 1
github.com/sarwilson417/bhe-code-exercise/go/pkg/sieve/sieve.go:58.41,59.22 1 1
github.com/sarwilson417/bhe-code-exercise/go/pkg/sieve/sieve.go:59.22,60.49 1 1
github.com/sarwilson417/bhe-code-exercise/go/pkg/sieve/sieve.go:60.49,62.5 1 1
github.com/sarwilson417/bhe-code-exercise/go/pkg/sieve/sieve.go:65.2,66.54 2 1
github.com/sarwilson417/bhe-code-exercise/go/pkg/sieve/sieve.go:66.54,67.22 1 1
github.com/sarwilson417/bhe-code-exercise/go/pkg/sieve/sieve.go:67.22,69.4 1 1
github.com/sarwilson417/bhe-code-exercise/go/pkg/sieve/sieve.go:71.2,71.15 1 1
github.com/sarwilson417/bhe-code-exercise/go/pkg/sieve/sieve.go:74.35,75.11 1 1
github.com/sarwilson417/bhe-code-exercise/go/pkg/sieve/sieve.go:75.11,77.3 1 1
github.com/sarwilson417/bhe-code-exercise/go/pkg/sieve/sieve.go:79.2,80.24 2 1
